{"name": "test_methodD", "status": "failed", "statusDetails": {"message": "AssertionError: assert False", "trace": "def test_methodD():\n        print(\"This is method D\")\n>       assert False\nE       assert False\n\ntest_PyTestAllure2.py:21: AssertionError"}, "start": 1673360707505, "stop": 1673360707506, "uuid": "684b69ee-2428-43b8-bfad-76a5ddc50bda", "historyId": "733c2a2d5140adc661b08ba4fb582941", "testCaseId": "bfb9398fe961a834d2b8955a63ba0a53", "fullName": "test_PyTestAllure2#test_methodD", "labels": [{"name": "suite", "value": "test_PyTestAllure2"}, {"name": "host", "value": "DESKTOP-02O2N97"}, {"name": "thread", "value": "2928-MainThread"}, {"name": "framework", "value": "pytest"}, {"name": "language", "value": "cpython3"}, {"name": "package", "value": "test_PyTestAllure2"}]}